2022-06-24 09:48:17,082 INFO org.hibernate.validator.internal.util.Version [background-preinit] HV000001: Hibernate Validator 6.2.3.Final
2022-06-24 09:48:17,088 INFO org.springframework.boot.StartupInfoLogger [main] Starting RdAsportsApplication using Java 11.0.11 on Raul with PID 2084 (C:\Users\r_mar\Desktop\RDAsportsAPI\target\classes started by Raul in C:\Users\r_mar\Desktop\RDAsportsAPI)
2022-06-24 09:48:17,089 INFO org.springframework.boot.SpringApplication [main] No active profile set, falling back to 1 default profile: "default"
2022-06-24 09:48:17,533 INFO org.springframework.data.repository.config.RepositoryConfigurationDelegate [main] Bootstrapping Spring Data JPA repositories in DEFAULT mode.
2022-06-24 09:48:17,586 INFO org.springframework.data.repository.config.RepositoryConfigurationDelegate [main] Finished Spring Data repository scanning in 45 ms. Found 5 JPA repository interfaces.
2022-06-24 09:48:18,064 INFO org.springframework.boot.web.embedded.tomcat.TomcatWebServer [main] Tomcat initialized with port(s): 8081 (http)
2022-06-24 09:48:18,072 INFO org.apache.juli.logging.DirectJDKLog [main] Initializing ProtocolHandler ["http-nio-8081"]
2022-06-24 09:48:18,073 INFO org.apache.juli.logging.DirectJDKLog [main] Starting service [Tomcat]
2022-06-24 09:48:18,073 INFO org.apache.juli.logging.DirectJDKLog [main] Starting Servlet engine: [Apache Tomcat/9.0.63]
2022-06-24 09:48:18,184 INFO org.apache.juli.logging.DirectJDKLog [main] Initializing Spring embedded WebApplicationContext
2022-06-24 09:48:18,184 INFO org.springframework.boot.web.servlet.context.ServletWebServerApplicationContext [main] Root WebApplicationContext: initialization completed in 1060 ms
2022-06-24 09:48:18,274 INFO org.hibernate.jpa.internal.util.LogHelper [main] HHH000204: Processing PersistenceUnitInfo [name: default]
2022-06-24 09:48:18,335 INFO org.hibernate.Version [main] HHH000412: Hibernate ORM core version 5.6.9.Final
2022-06-24 09:48:18,440 INFO org.hibernate.annotations.common.reflection.java.JavaReflectionManager [main] HCANN000001: Hibernate Commons Annotations {5.1.2.Final}
2022-06-24 09:48:18,502 INFO com.zaxxer.hikari.HikariDataSource [main] HikariPool-1 - Starting...
2022-06-24 09:48:18,505 WARN com.zaxxer.hikari.util.DriverDataSource [main] Registered driver with driverClassName=com.mysql.jdbc.Driver was not found, trying direct instantiation.
2022-06-24 10:12:35,694 INFO org.hibernate.validator.internal.util.Version [background-preinit] HV000001: Hibernate Validator 6.2.3.Final
2022-06-24 10:12:35,698 INFO org.springframework.boot.StartupInfoLogger [main] Starting RdAsportsApplication using Java 11.0.11 on Raul with PID 19956 (C:\Users\r_mar\Desktop\RDAsportsAPI\target\classes started by Raul in C:\Users\r_mar\Desktop\RDAsportsAPI)
2022-06-24 10:12:35,700 INFO org.springframework.boot.SpringApplication [main] No active profile set, falling back to 1 default profile: "default"
2022-06-24 10:12:36,140 INFO org.springframework.data.repository.config.RepositoryConfigurationDelegate [main] Bootstrapping Spring Data JPA repositories in DEFAULT mode.
2022-06-24 10:12:36,189 INFO org.springframework.data.repository.config.RepositoryConfigurationDelegate [main] Finished Spring Data repository scanning in 42 ms. Found 5 JPA repository interfaces.
2022-06-24 10:12:36,661 INFO org.springframework.boot.web.embedded.tomcat.TomcatWebServer [main] Tomcat initialized with port(s): 8081 (http)
2022-06-24 10:12:36,672 INFO org.apache.juli.logging.DirectJDKLog [main] Initializing ProtocolHandler ["http-nio-8081"]
2022-06-24 10:12:36,673 INFO org.apache.juli.logging.DirectJDKLog [main] Starting service [Tomcat]
2022-06-24 10:12:36,674 INFO org.apache.juli.logging.DirectJDKLog [main] Starting Servlet engine: [Apache Tomcat/9.0.63]
2022-06-24 10:12:36,782 INFO org.apache.juli.logging.DirectJDKLog [main] Initializing Spring embedded WebApplicationContext
2022-06-24 10:12:36,782 INFO org.springframework.boot.web.servlet.context.ServletWebServerApplicationContext [main] Root WebApplicationContext: initialization completed in 1049 ms
2022-06-24 10:12:36,871 INFO org.hibernate.jpa.internal.util.LogHelper [main] HHH000204: Processing PersistenceUnitInfo [name: default]
2022-06-24 10:12:36,907 INFO org.hibernate.Version [main] HHH000412: Hibernate ORM core version 5.6.9.Final
2022-06-24 10:12:37,014 INFO org.hibernate.annotations.common.reflection.java.JavaReflectionManager [main] HCANN000001: Hibernate Commons Annotations {5.1.2.Final}
2022-06-24 10:12:37,085 INFO com.zaxxer.hikari.HikariDataSource [main] HikariPool-1 - Starting...
2022-06-24 10:12:37,088 WARN com.zaxxer.hikari.util.DriverDataSource [main] Registered driver with driverClassName=com.mysql.jdbc.Driver was not found, trying direct instantiation.
2022-06-24 10:25:28,727 INFO org.hibernate.validator.internal.util.Version [background-preinit] HV000001: Hibernate Validator 6.2.3.Final
2022-06-24 10:25:28,729 INFO org.springframework.boot.StartupInfoLogger [main] Starting RdAsportsApplication using Java 11.0.11 on Raul with PID 19500 (C:\Users\r_mar\Desktop\RDAsportsAPI\target\classes started by Raul in C:\Users\r_mar\Desktop\RDAsportsAPI)
2022-06-24 10:25:28,730 INFO org.springframework.boot.SpringApplication [main] No active profile set, falling back to 1 default profile: "default"
2022-06-24 10:25:29,106 INFO org.springframework.data.repository.config.RepositoryConfigurationDelegate [main] Bootstrapping Spring Data JPA repositories in DEFAULT mode.
2022-06-24 10:25:29,152 INFO org.springframework.data.repository.config.RepositoryConfigurationDelegate [main] Finished Spring Data repository scanning in 40 ms. Found 5 JPA repository interfaces.
2022-06-24 10:25:29,625 INFO org.springframework.boot.web.embedded.tomcat.TomcatWebServer [main] Tomcat initialized with port(s): 8081 (http)
2022-06-24 10:25:29,631 INFO org.apache.juli.logging.DirectJDKLog [main] Initializing ProtocolHandler ["http-nio-8081"]
2022-06-24 10:25:29,631 INFO org.apache.juli.logging.DirectJDKLog [main] Starting service [Tomcat]
2022-06-24 10:25:29,632 INFO org.apache.juli.logging.DirectJDKLog [main] Starting Servlet engine: [Apache Tomcat/9.0.63]
2022-06-24 10:25:29,715 INFO org.apache.juli.logging.DirectJDKLog [main] Initializing Spring embedded WebApplicationContext
2022-06-24 10:25:29,715 INFO org.springframework.boot.web.servlet.context.ServletWebServerApplicationContext [main] Root WebApplicationContext: initialization completed in 961 ms
2022-06-24 10:25:29,793 INFO org.hibernate.jpa.internal.util.LogHelper [main] HHH000204: Processing PersistenceUnitInfo [name: default]
2022-06-24 10:25:29,815 INFO org.hibernate.Version [main] HHH000412: Hibernate ORM core version 5.6.9.Final
2022-06-24 10:25:29,883 INFO org.hibernate.annotations.common.reflection.java.JavaReflectionManager [main] HCANN000001: Hibernate Commons Annotations {5.1.2.Final}
2022-06-24 10:25:29,933 INFO com.zaxxer.hikari.HikariDataSource [main] HikariPool-1 - Starting...
2022-06-24 10:25:29,935 WARN com.zaxxer.hikari.util.DriverDataSource [main] Registered driver with driverClassName=com.mysql.jdbc.Driver was not found, trying direct instantiation.
2022-06-24 10:25:30,027 INFO com.zaxxer.hikari.HikariDataSource [main] HikariPool-1 - Start completed.
2022-06-24 10:25:30,041 INFO org.hibernate.dialect.Dialect [main] HHH000400: Using dialect: org.hibernate.dialect.MySQL55Dialect
2022-06-24 10:25:31,045 INFO org.hibernate.engine.transaction.jta.platform.internal.JtaPlatformInitiator [main] HHH000490: Using JtaPlatform implementation: [org.hibernate.engine.transaction.jta.platform.internal.NoJtaPlatform]
2022-06-24 10:25:31,050 INFO org.springframework.orm.jpa.AbstractEntityManagerFactoryBean [main] Initialized JPA EntityManagerFactory for persistence unit 'default'
2022-06-24 10:25:31,287 WARN org.springframework.boot.autoconfigure.orm.jpa.JpaBaseConfiguration$JpaWebConfiguration [main] spring.jpa.open-in-view is enabled by default. Therefore, database queries may be performed during view rendering. Explicitly configure spring.jpa.open-in-view to disable this warning
2022-06-24 10:25:31,450 INFO org.apache.juli.logging.DirectJDKLog [main] Starting ProtocolHandler ["http-nio-8081"]
2022-06-24 10:25:31,481 INFO org.springframework.boot.web.embedded.tomcat.TomcatWebServer [main] Tomcat started on port(s): 8081 (http) with context path ''
2022-06-24 10:25:31,489 INFO org.springframework.boot.StartupInfoLogger [main] Started RdAsportsApplication in 2.963 seconds (JVM running for 3.34)
2022-06-24 10:31:07,959 INFO org.hibernate.validator.internal.util.Version [background-preinit] HV000001: Hibernate Validator 6.2.3.Final
2022-06-24 10:31:07,961 INFO org.springframework.boot.StartupInfoLogger [main] Starting RdAsportsApplication using Java 11.0.11 on Raul with PID 16820 (C:\Users\r_mar\Desktop\RDAsportsAPI\target\classes started by Raul in C:\Users\r_mar\Desktop\RDAsportsAPI)
2022-06-24 10:31:07,962 INFO org.springframework.boot.SpringApplication [main] No active profile set, falling back to 1 default profile: "default"
2022-06-24 10:31:08,353 INFO org.springframework.data.repository.config.RepositoryConfigurationDelegate [main] Bootstrapping Spring Data JPA repositories in DEFAULT mode.
2022-06-24 10:31:08,394 INFO org.springframework.data.repository.config.RepositoryConfigurationDelegate [main] Finished Spring Data repository scanning in 35 ms. Found 5 JPA repository interfaces.
2022-06-24 10:31:08,874 INFO org.springframework.boot.web.embedded.tomcat.TomcatWebServer [main] Tomcat initialized with port(s): 8081 (http)
2022-06-24 10:31:08,881 INFO org.apache.juli.logging.DirectJDKLog [main] Initializing ProtocolHandler ["http-nio-8081"]
2022-06-24 10:31:08,882 INFO org.apache.juli.logging.DirectJDKLog [main] Starting service [Tomcat]
2022-06-24 10:31:08,882 INFO org.apache.juli.logging.DirectJDKLog [main] Starting Servlet engine: [Apache Tomcat/9.0.63]
2022-06-24 10:31:08,966 INFO org.apache.juli.logging.DirectJDKLog [main] Initializing Spring embedded WebApplicationContext
2022-06-24 10:31:08,966 INFO org.springframework.boot.web.servlet.context.ServletWebServerApplicationContext [main] Root WebApplicationContext: initialization completed in 978 ms
2022-06-24 10:31:09,044 INFO org.hibernate.jpa.internal.util.LogHelper [main] HHH000204: Processing PersistenceUnitInfo [name: default]
2022-06-24 10:31:09,068 INFO org.hibernate.Version [main] HHH000412: Hibernate ORM core version 5.6.9.Final
2022-06-24 10:31:09,144 INFO org.hibernate.annotations.common.reflection.java.JavaReflectionManager [main] HCANN000001: Hibernate Commons Annotations {5.1.2.Final}
2022-06-24 10:31:09,200 INFO com.zaxxer.hikari.HikariDataSource [main] HikariPool-1 - Starting...
2022-06-24 10:31:09,202 WARN com.zaxxer.hikari.util.DriverDataSource [main] Registered driver with driverClassName=com.mysql.jdbc.Driver was not found, trying direct instantiation.
2022-06-24 10:31:09,283 INFO com.zaxxer.hikari.HikariDataSource [main] HikariPool-1 - Start completed.
2022-06-24 10:31:09,292 INFO org.hibernate.dialect.Dialect [main] HHH000400: Using dialect: org.hibernate.dialect.MySQL55Dialect
2022-06-24 10:31:09,714 INFO org.hibernate.engine.transaction.jta.platform.internal.JtaPlatformInitiator [main] HHH000490: Using JtaPlatform implementation: [org.hibernate.engine.transaction.jta.platform.internal.NoJtaPlatform]
2022-06-24 10:31:09,719 INFO org.springframework.orm.jpa.AbstractEntityManagerFactoryBean [main] Initialized JPA EntityManagerFactory for persistence unit 'default'
2022-06-24 10:31:09,923 WARN org.springframework.boot.autoconfigure.orm.jpa.JpaBaseConfiguration$JpaWebConfiguration [main] spring.jpa.open-in-view is enabled by default. Therefore, database queries may be performed during view rendering. Explicitly configure spring.jpa.open-in-view to disable this warning
2022-06-24 10:31:10,097 INFO org.apache.juli.logging.DirectJDKLog [main] Starting ProtocolHandler ["http-nio-8081"]
2022-06-24 10:31:10,109 INFO org.springframework.boot.web.embedded.tomcat.TomcatWebServer [main] Tomcat started on port(s): 8081 (http) with context path ''
2022-06-24 10:31:10,115 INFO org.springframework.boot.StartupInfoLogger [main] Started RdAsportsApplication in 2.372 seconds (JVM running for 2.782)
2022-06-24 10:31:13,389 INFO org.apache.juli.logging.DirectJDKLog [http-nio-8081-exec-3] Initializing Spring DispatcherServlet 'dispatcherServlet'
2022-06-24 10:31:13,389 INFO org.springframework.web.servlet.FrameworkServlet [http-nio-8081-exec-3] Initializing Servlet 'dispatcherServlet'
2022-06-24 10:31:13,390 INFO org.springframework.web.servlet.FrameworkServlet [http-nio-8081-exec-3] Completed initialization in 0 ms
2022-06-24 10:31:13,464 INFO com.rdacompany.RDAsportsAPI.controller.ActivityController [http-nio-8081-exec-3] Inicio addActivity
2022-06-24 10:31:13,512 INFO com.rdacompany.RDAsportsAPI.controller.ActivityController [http-nio-8081-exec-3] Fin addActivity
2022-06-24 10:31:20,086 INFO com.rdacompany.RDAsportsAPI.controller.ActivityController [http-nio-8081-exec-2] Inicio addActivity
2022-06-24 10:31:20,094 INFO com.rdacompany.RDAsportsAPI.controller.ActivityController [http-nio-8081-exec-2] Fin addActivity
2022-06-24 10:31:27,485 INFO com.rdacompany.RDAsportsAPI.controller.ActivityController [http-nio-8081-exec-4] Inicio addActivity
2022-06-24 10:31:27,491 INFO com.rdacompany.RDAsportsAPI.controller.ActivityController [http-nio-8081-exec-4] Fin addActivity
2022-06-24 10:31:34,100 INFO com.rdacompany.RDAsportsAPI.controller.ActivityController [http-nio-8081-exec-10] Inicio addActivity
2022-06-24 10:31:34,108 INFO com.rdacompany.RDAsportsAPI.controller.ActivityController [http-nio-8081-exec-10] Fin addActivity
2022-06-24 10:31:40,015 INFO com.rdacompany.RDAsportsAPI.controller.AreaController [http-nio-8081-exec-6] Inicio addArea
2022-06-24 10:31:40,022 INFO com.rdacompany.RDAsportsAPI.controller.AreaController [http-nio-8081-exec-6] Fin addArea
2022-06-24 10:31:48,281 INFO com.rdacompany.RDAsportsAPI.controller.AreaController [http-nio-8081-exec-7] Inicio addArea
2022-06-24 10:31:48,290 INFO com.rdacompany.RDAsportsAPI.controller.AreaController [http-nio-8081-exec-7] Fin addArea
2022-06-24 10:31:51,830 INFO com.rdacompany.RDAsportsAPI.controller.AreaController [http-nio-8081-exec-8] Inicio addArea
2022-06-24 10:31:51,836 INFO com.rdacompany.RDAsportsAPI.controller.AreaController [http-nio-8081-exec-8] Fin addArea
2022-06-24 10:31:55,006 INFO com.rdacompany.RDAsportsAPI.controller.AreaController [http-nio-8081-exec-9] Inicio addArea
2022-06-24 10:31:55,013 INFO com.rdacompany.RDAsportsAPI.controller.AreaController [http-nio-8081-exec-9] Fin addArea
2022-06-24 10:33:58,335 INFO com.rdacompany.RDAsportsAPI.controller.EmployeeController [http-nio-8081-exec-3] Inicio addEmployees
2022-06-24 10:33:58,342 INFO com.rdacompany.RDAsportsAPI.controller.EmployeeController [http-nio-8081-exec-3] Fin addEmployees
2022-06-24 10:34:24,606 INFO com.rdacompany.RDAsportsAPI.controller.EmployeeController [http-nio-8081-exec-2] Inicio addEmployees
2022-06-24 10:34:24,615 INFO com.rdacompany.RDAsportsAPI.controller.EmployeeController [http-nio-8081-exec-2] Fin addEmployees
2022-06-24 10:34:38,384 INFO com.rdacompany.RDAsportsAPI.controller.EmployeeController [http-nio-8081-exec-4] Inicio addEmployees
2022-06-24 10:34:38,390 INFO com.rdacompany.RDAsportsAPI.controller.EmployeeController [http-nio-8081-exec-4] Fin addEmployees
2022-06-24 10:45:11,547 INFO com.rdacompany.RDAsportsAPI.controller.CustomerController [http-nio-8081-exec-7] Inicio addCustomer
2022-06-24 10:45:11,557 INFO com.rdacompany.RDAsportsAPI.controller.CustomerController [http-nio-8081-exec-7] Fin addCustomer
2022-06-24 10:45:27,671 INFO com.rdacompany.RDAsportsAPI.controller.CustomerController [http-nio-8081-exec-8] Inicio addCustomer
2022-06-24 10:45:27,680 INFO com.rdacompany.RDAsportsAPI.controller.CustomerController [http-nio-8081-exec-8] Fin addCustomer
2022-06-24 11:27:58,634 INFO com.rdacompany.RDAsportsAPI.controller.SessionController [http-nio-8081-exec-1] Fin consulta de todas las session
2022-06-24 11:28:39,829 INFO com.rdacompany.RDAsportsAPI.controller.SessionController [http-nio-8081-exec-3] Inicio deleteSession
2022-06-24 11:28:39,854 INFO com.rdacompany.RDAsportsAPI.controller.SessionController [http-nio-8081-exec-3] Fin deleteSession
2022-06-24 11:33:16,438 INFO com.rdacompany.RDAsportsAPI.controller.EmployeeController [http-nio-8081-exec-4] Fin getEmployees
2022-06-24 11:33:19,767 INFO com.rdacompany.RDAsportsAPI.controller.EmployeeController [http-nio-8081-exec-10] Fin getEmployees
2022-06-24 11:33:19,970 INFO com.rdacompany.RDAsportsAPI.controller.ActivityController [http-nio-8081-exec-6] Fin getActivity
2022-06-24 11:33:19,970 INFO com.rdacompany.RDAsportsAPI.controller.EmployeeController [http-nio-8081-exec-7] Fin getEmployees
2022-06-24 11:33:19,974 INFO com.rdacompany.RDAsportsAPI.controller.AreaController [http-nio-8081-exec-8] Fin gerAreas
2022-06-24 11:33:49,280 INFO com.rdacompany.RDAsportsAPI.controller.SessionController [http-nio-8081-exec-9] Inicio addSession
2022-06-24 11:33:49,342 INFO com.rdacompany.RDAsportsAPI.controller.SessionController [http-nio-8081-exec-9] Fin addSession
2022-06-24 11:34:13,950 INFO com.rdacompany.RDAsportsAPI.controller.SessionController [http-nio-8081-exec-1] Fin consulta de todas las session
2022-06-24 11:34:17,731 INFO com.rdacompany.RDAsportsAPI.controller.SessionController [http-nio-8081-exec-3] Inicio busqueda sessionById
2022-06-24 11:34:17,735 INFO com.rdacompany.RDAsportsAPI.controller.SessionController [http-nio-8081-exec-3] Fin consultar sessionById
2022-06-24 11:34:19,838 INFO com.rdacompany.RDAsportsAPI.controller.SessionController [http-nio-8081-exec-2] Fin consulta de todas las session
2022-06-24 11:34:21,066 INFO com.rdacompany.RDAsportsAPI.controller.SessionController [http-nio-8081-exec-6] Inicio busqueda sessionById
2022-06-24 11:34:21,069 INFO com.rdacompany.RDAsportsAPI.controller.SessionController [http-nio-8081-exec-6] Fin consultar sessionById
2022-06-24 11:34:24,759 INFO com.rdacompany.RDAsportsAPI.controller.SessionController [http-nio-8081-exec-8] Fin consulta de todas las session
2022-06-24 11:34:26,165 INFO com.rdacompany.RDAsportsAPI.controller.SessionController [http-nio-8081-exec-9] Inicio busqueda sessionById
2022-06-24 11:34:26,167 INFO com.rdacompany.RDAsportsAPI.controller.SessionController [http-nio-8081-exec-9] Fin consultar sessionById
2022-06-24 11:34:27,305 INFO com.rdacompany.RDAsportsAPI.controller.CustomerController [http-nio-8081-exec-5] Inicio booking
2022-06-24 11:34:27,310 INFO com.rdacompany.RDAsportsAPI.controller.CustomerController [http-nio-8081-exec-5] Customer encontrado 1
2022-06-24 11:34:27,313 INFO com.rdacompany.RDAsportsAPI.controller.CustomerController [http-nio-8081-exec-5] Session encontrado 5
2022-06-24 11:34:27,313 INFO com.rdacompany.RDAsportsAPI.service.CustomerServiceImpl [http-nio-8081-exec-5] Inicio addBooking
2022-06-24 11:34:27,329 INFO com.rdacompany.RDAsportsAPI.service.CustomerServiceImpl [http-nio-8081-exec-5] Fin addBooking
2022-06-24 11:34:27,331 INFO com.rdacompany.RDAsportsAPI.controller.CustomerController [http-nio-8081-exec-5] Fin booking
2022-06-24 11:34:27,340 INFO com.rdacompany.RDAsportsAPI.controller.SessionController [http-nio-8081-exec-1] Fin consulta de todas las session
2022-06-24 11:34:28,542 INFO com.rdacompany.RDAsportsAPI.controller.SessionController [http-nio-8081-exec-3] Inicio busqueda sessionById
2022-06-24 11:34:28,545 INFO com.rdacompany.RDAsportsAPI.controller.SessionController [http-nio-8081-exec-3] Fin consultar sessionById
2022-06-24 11:34:30,308 INFO com.rdacompany.RDAsportsAPI.controller.SessionController [http-nio-8081-exec-2] Fin consulta de todas las session
2022-06-24 11:34:33,604 INFO com.rdacompany.RDAsportsAPI.controller.SessionController [http-nio-8081-exec-7] Fin consulta de todas las session
2022-06-24 11:34:36,183 INFO com.rdacompany.RDAsportsAPI.controller.SessionController [http-nio-8081-exec-4] Inicio busqueda sessionById
2022-06-24 11:34:36,186 INFO com.rdacompany.RDAsportsAPI.controller.SessionController [http-nio-8081-exec-4] Fin consultar sessionById
2022-06-24 11:34:37,733 INFO com.rdacompany.RDAsportsAPI.controller.SessionController [http-nio-8081-exec-10] Fin consulta de todas las session
2022-06-24 11:34:38,559 INFO com.rdacompany.RDAsportsAPI.controller.SessionController [http-nio-8081-exec-6] Inicio busqueda sessionById
2022-06-24 11:34:38,562 INFO com.rdacompany.RDAsportsAPI.controller.SessionController [http-nio-8081-exec-6] Fin consultar sessionById
2022-06-24 11:34:42,502 INFO com.rdacompany.RDAsportsAPI.controller.SessionController [http-nio-8081-exec-8] Fin consulta de todas las session
2022-06-24 11:34:54,243 INFO com.rdacompany.RDAsportsAPI.controller.SessionController [http-nio-8081-exec-5] Inicio busqueda sessionById
2022-06-24 11:34:54,247 INFO com.rdacompany.RDAsportsAPI.controller.SessionController [http-nio-8081-exec-5] Fin consultar sessionById
2022-06-24 11:34:55,556 INFO com.rdacompany.RDAsportsAPI.controller.SessionController [http-nio-8081-exec-1] Inicio dropOut
2022-06-24 11:34:55,564 INFO com.rdacompany.RDAsportsAPI.controller.SessionController [http-nio-8081-exec-1] Fin dropOut
2022-06-24 11:34:55,600 INFO com.rdacompany.RDAsportsAPI.controller.SessionController [http-nio-8081-exec-3] Fin consulta de todas las session
2022-06-24 11:34:58,140 INFO com.rdacompany.RDAsportsAPI.controller.SessionController [http-nio-8081-exec-7] Fin consulta de todas las session
2022-06-24 11:34:59,608 INFO com.rdacompany.RDAsportsAPI.controller.SessionController [http-nio-8081-exec-4] Inicio busqueda sessionById
2022-06-24 11:34:59,611 INFO com.rdacompany.RDAsportsAPI.controller.SessionController [http-nio-8081-exec-4] Fin consultar sessionById
2022-06-24 11:35:00,853 INFO com.rdacompany.RDAsportsAPI.controller.SessionController [http-nio-8081-exec-10] Inicio dropOut
2022-06-24 11:35:00,866 INFO com.rdacompany.RDAsportsAPI.controller.SessionController [http-nio-8081-exec-10] Fin dropOut
2022-06-24 11:35:00,880 INFO com.rdacompany.RDAsportsAPI.controller.SessionController [http-nio-8081-exec-6] Fin consulta de todas las session
2022-06-24 11:35:06,174 INFO com.rdacompany.RDAsportsAPI.controller.SessionController [http-nio-8081-exec-8] Fin consulta de todas las session
2022-06-24 11:35:10,427 INFO com.rdacompany.RDAsportsAPI.controller.SessionController [http-nio-8081-exec-9] Fin consulta de todas las session
2022-06-24 11:35:16,688 INFO com.rdacompany.RDAsportsAPI.controller.SessionController [http-nio-8081-exec-5] Inicio busqueda sessionById
2022-06-24 11:35:16,690 INFO com.rdacompany.RDAsportsAPI.controller.SessionController [http-nio-8081-exec-5] Fin consultar sessionById
2022-06-24 11:35:17,720 INFO com.rdacompany.RDAsportsAPI.controller.CustomerController [http-nio-8081-exec-1] Inicio booking
2022-06-24 11:35:17,721 INFO com.rdacompany.RDAsportsAPI.controller.CustomerController [http-nio-8081-exec-1] Customer encontrado 1
2022-06-24 11:35:17,723 INFO com.rdacompany.RDAsportsAPI.controller.CustomerController [http-nio-8081-exec-1] Session encontrado 5
2022-06-24 11:35:17,723 INFO com.rdacompany.RDAsportsAPI.service.CustomerServiceImpl [http-nio-8081-exec-1] Inicio addBooking
2022-06-24 11:35:17,729 INFO com.rdacompany.RDAsportsAPI.service.CustomerServiceImpl [http-nio-8081-exec-1] Fin addBooking
2022-06-24 11:35:17,729 INFO com.rdacompany.RDAsportsAPI.controller.CustomerController [http-nio-8081-exec-1] Fin booking
2022-06-24 11:35:17,744 INFO com.rdacompany.RDAsportsAPI.controller.SessionController [http-nio-8081-exec-3] Fin consulta de todas las session
2022-06-24 11:35:19,068 INFO com.rdacompany.RDAsportsAPI.controller.SessionController [http-nio-8081-exec-7] Inicio busqueda sessionById
2022-06-24 11:35:19,070 INFO com.rdacompany.RDAsportsAPI.controller.SessionController [http-nio-8081-exec-7] Fin consultar sessionById
2022-06-24 11:35:19,887 INFO com.rdacompany.RDAsportsAPI.controller.SessionController [http-nio-8081-exec-4] Inicio dropOut
2022-06-24 11:35:19,894 INFO com.rdacompany.RDAsportsAPI.controller.SessionController [http-nio-8081-exec-4] Fin dropOut
2022-06-24 11:35:19,927 INFO com.rdacompany.RDAsportsAPI.controller.SessionController [http-nio-8081-exec-10] Fin consulta de todas las session
2022-06-24 11:35:32,105 INFO com.rdacompany.RDAsportsAPI.controller.SessionController [http-nio-8081-exec-5] Inicio busqueda sessionById
2022-06-24 11:35:32,107 INFO com.rdacompany.RDAsportsAPI.controller.SessionController [http-nio-8081-exec-5] Fin consultar sessionById
2022-06-24 11:35:33,171 INFO com.rdacompany.RDAsportsAPI.controller.CustomerController [http-nio-8081-exec-1] Inicio booking
2022-06-24 11:35:33,173 INFO com.rdacompany.RDAsportsAPI.controller.CustomerController [http-nio-8081-exec-1] Customer encontrado 1
2022-06-24 11:35:33,175 INFO com.rdacompany.RDAsportsAPI.controller.CustomerController [http-nio-8081-exec-1] Session encontrado 5
2022-06-24 11:35:33,175 INFO com.rdacompany.RDAsportsAPI.service.CustomerServiceImpl [http-nio-8081-exec-1] Inicio addBooking
2022-06-24 11:35:33,184 INFO com.rdacompany.RDAsportsAPI.service.CustomerServiceImpl [http-nio-8081-exec-1] Fin addBooking
2022-06-24 11:35:33,184 INFO com.rdacompany.RDAsportsAPI.controller.CustomerController [http-nio-8081-exec-1] Fin booking
2022-06-24 11:35:33,199 INFO com.rdacompany.RDAsportsAPI.controller.SessionController [http-nio-8081-exec-3] Fin consulta de todas las session
2022-06-24 11:35:37,587 INFO com.rdacompany.RDAsportsAPI.controller.SessionController [http-nio-8081-exec-7] Fin consulta de todas las session
2022-06-24 11:35:38,329 INFO com.rdacompany.RDAsportsAPI.controller.SessionController [http-nio-8081-exec-4] Inicio busqueda sessionById
2022-06-24 11:35:38,332 INFO com.rdacompany.RDAsportsAPI.controller.SessionController [http-nio-8081-exec-4] Fin consultar sessionById
2022-06-24 11:35:39,304 INFO com.rdacompany.RDAsportsAPI.controller.SessionController [http-nio-8081-exec-10] Inicio dropOut
2022-06-24 11:35:39,311 INFO com.rdacompany.RDAsportsAPI.controller.SessionController [http-nio-8081-exec-10] Fin dropOut
2022-06-24 11:35:39,332 INFO com.rdacompany.RDAsportsAPI.controller.SessionController [http-nio-8081-exec-6] Fin consulta de todas las session
2022-06-24 11:35:43,977 INFO com.rdacompany.RDAsportsAPI.controller.SessionController [http-nio-8081-exec-9] Fin consulta de todas las session
2022-06-24 11:35:44,715 INFO com.rdacompany.RDAsportsAPI.controller.SessionController [http-nio-8081-exec-5] Inicio busqueda sessionById
2022-06-24 11:35:44,717 INFO com.rdacompany.RDAsportsAPI.controller.SessionController [http-nio-8081-exec-5] Fin consultar sessionById
2022-06-24 11:36:25,635 INFO com.rdacompany.RDAsportsAPI.controller.EmployeeController [http-nio-8081-exec-3] Fin getEmployees
2022-06-24 12:32:02,814 INFO org.hibernate.validator.internal.util.Version [background-preinit] HV000001: Hibernate Validator 6.2.3.Final
2022-06-24 12:32:02,819 INFO org.springframework.boot.StartupInfoLogger [main] Starting RdAsportsApplication using Java 11.0.11 on Raul with PID 14848 (C:\Users\r_mar\Desktop\RDAsportsAPI\target\classes started by Raul in C:\Users\r_mar\Desktop\RDAsportsAPI)
2022-06-24 12:32:02,820 INFO org.springframework.boot.SpringApplication [main] No active profile set, falling back to 1 default profile: "default"
2022-06-24 12:32:03,291 INFO org.springframework.data.repository.config.RepositoryConfigurationDelegate [main] Bootstrapping Spring Data JPA repositories in DEFAULT mode.
2022-06-24 12:32:03,358 INFO org.springframework.data.repository.config.RepositoryConfigurationDelegate [main] Finished Spring Data repository scanning in 56 ms. Found 5 JPA repository interfaces.
2022-06-24 12:32:03,865 INFO org.springframework.boot.web.embedded.tomcat.TomcatWebServer [main] Tomcat initialized with port(s): 8081 (http)
2022-06-24 12:32:03,878 INFO org.apache.juli.logging.DirectJDKLog [main] Initializing ProtocolHandler ["http-nio-8081"]
2022-06-24 12:32:03,878 INFO org.apache.juli.logging.DirectJDKLog [main] Starting service [Tomcat]
2022-06-24 12:32:03,879 INFO org.apache.juli.logging.DirectJDKLog [main] Starting Servlet engine: [Apache Tomcat/9.0.63]
2022-06-24 12:32:03,990 INFO org.apache.juli.logging.DirectJDKLog [main] Initializing Spring embedded WebApplicationContext
2022-06-24 12:32:03,990 INFO org.springframework.boot.web.servlet.context.ServletWebServerApplicationContext [main] Root WebApplicationContext: initialization completed in 1140 ms
2022-06-24 12:32:04,088 INFO org.hibernate.jpa.internal.util.LogHelper [main] HHH000204: Processing PersistenceUnitInfo [name: default]
2022-06-24 12:32:04,123 INFO org.hibernate.Version [main] HHH000412: Hibernate ORM core version 5.6.9.Final
2022-06-24 12:32:04,226 INFO org.hibernate.annotations.common.reflection.java.JavaReflectionManager [main] HCANN000001: Hibernate Commons Annotations {5.1.2.Final}
2022-06-24 12:32:04,288 INFO com.zaxxer.hikari.HikariDataSource [main] HikariPool-1 - Starting...
2022-06-24 12:32:04,291 WARN com.zaxxer.hikari.util.DriverDataSource [main] Registered driver with driverClassName=com.mysql.jdbc.Driver was not found, trying direct instantiation.
2022-06-24 12:32:04,398 INFO com.zaxxer.hikari.HikariDataSource [main] HikariPool-1 - Start completed.
2022-06-24 12:32:04,409 INFO org.hibernate.dialect.Dialect [main] HHH000400: Using dialect: org.hibernate.dialect.MySQL55Dialect
2022-06-24 12:32:04,945 INFO org.hibernate.engine.transaction.jta.platform.internal.JtaPlatformInitiator [main] HHH000490: Using JtaPlatform implementation: [org.hibernate.engine.transaction.jta.platform.internal.NoJtaPlatform]
2022-06-24 12:32:04,950 INFO org.springframework.orm.jpa.AbstractEntityManagerFactoryBean [main] Initialized JPA EntityManagerFactory for persistence unit 'default'
2022-06-24 12:32:05,179 WARN org.springframework.boot.autoconfigure.orm.jpa.JpaBaseConfiguration$JpaWebConfiguration [main] spring.jpa.open-in-view is enabled by default. Therefore, database queries may be performed during view rendering. Explicitly configure spring.jpa.open-in-view to disable this warning
2022-06-24 12:32:05,380 INFO org.apache.juli.logging.DirectJDKLog [main] Starting ProtocolHandler ["http-nio-8081"]
2022-06-24 12:32:05,400 INFO org.springframework.boot.web.embedded.tomcat.TomcatWebServer [main] Tomcat started on port(s): 8081 (http) with context path ''
2022-06-24 12:32:05,407 INFO org.springframework.boot.StartupInfoLogger [main] Started RdAsportsApplication in 2.877 seconds (JVM running for 3.313)
2022-06-24 12:32:10,493 INFO org.apache.juli.logging.DirectJDKLog [http-nio-8081-exec-1] Initializing Spring DispatcherServlet 'dispatcherServlet'
2022-06-24 12:32:10,494 INFO org.springframework.web.servlet.FrameworkServlet [http-nio-8081-exec-1] Initializing Servlet 'dispatcherServlet'
2022-06-24 12:32:10,496 INFO org.springframework.web.servlet.FrameworkServlet [http-nio-8081-exec-1] Completed initialization in 1 ms
2022-06-24 12:32:10,649 INFO com.rdacompany.RDAsportsAPI.controller.EmployeeController [http-nio-8081-exec-2] Fin getEmployees
2022-06-24 13:15:21,835 INFO org.hibernate.validator.internal.util.Version [background-preinit] HV000001: Hibernate Validator 6.2.3.Final
2022-06-24 13:15:21,836 INFO org.springframework.boot.StartupInfoLogger [main] Starting RdAsportsApplication using Java 11.0.11 on Raul with PID 6548 (C:\Users\r_mar\Desktop\RDAsportsAPI\target\classes started by Raul in C:\Users\r_mar\Desktop\RDAsportsAPI)
2022-06-24 13:15:21,838 INFO org.springframework.boot.SpringApplication [main] No active profile set, falling back to 1 default profile: "default"
2022-06-24 13:15:22,227 INFO org.springframework.data.repository.config.RepositoryConfigurationDelegate [main] Bootstrapping Spring Data JPA repositories in DEFAULT mode.
2022-06-24 13:15:22,269 INFO org.springframework.data.repository.config.RepositoryConfigurationDelegate [main] Finished Spring Data repository scanning in 37 ms. Found 5 JPA repository interfaces.
2022-06-24 13:15:22,737 INFO org.springframework.boot.web.embedded.tomcat.TomcatWebServer [main] Tomcat initialized with port(s): 8081 (http)
2022-06-24 13:15:22,744 INFO org.apache.juli.logging.DirectJDKLog [main] Initializing ProtocolHandler ["http-nio-8081"]
2022-06-24 13:15:22,745 INFO org.apache.juli.logging.DirectJDKLog [main] Starting service [Tomcat]
2022-06-24 13:15:22,746 INFO org.apache.juli.logging.DirectJDKLog [main] Starting Servlet engine: [Apache Tomcat/9.0.63]
2022-06-24 13:15:22,852 INFO org.apache.juli.logging.DirectJDKLog [main] Initializing Spring embedded WebApplicationContext
2022-06-24 13:15:22,852 INFO org.springframework.boot.web.servlet.context.ServletWebServerApplicationContext [main] Root WebApplicationContext: initialization completed in 989 ms
2022-06-24 13:15:22,978 INFO org.hibernate.jpa.internal.util.LogHelper [main] HHH000204: Processing PersistenceUnitInfo [name: default]
2022-06-24 13:15:23,005 INFO org.hibernate.Version [main] HHH000412: Hibernate ORM core version 5.6.9.Final
2022-06-24 13:15:23,093 INFO org.hibernate.annotations.common.reflection.java.JavaReflectionManager [main] HCANN000001: Hibernate Commons Annotations {5.1.2.Final}
2022-06-24 13:15:23,152 INFO com.zaxxer.hikari.HikariDataSource [main] HikariPool-1 - Starting...
2022-06-24 13:15:23,155 WARN com.zaxxer.hikari.util.DriverDataSource [main] Registered driver with driverClassName=com.mysql.jdbc.Driver was not found, trying direct instantiation.
2022-06-24 13:15:23,259 INFO com.zaxxer.hikari.HikariDataSource [main] HikariPool-1 - Start completed.
2022-06-24 13:15:23,270 INFO org.hibernate.dialect.Dialect [main] HHH000400: Using dialect: org.hibernate.dialect.MySQL55Dialect
2022-06-24 13:15:23,749 INFO org.hibernate.engine.transaction.jta.platform.internal.JtaPlatformInitiator [main] HHH000490: Using JtaPlatform implementation: [org.hibernate.engine.transaction.jta.platform.internal.NoJtaPlatform]
2022-06-24 13:15:23,755 INFO org.springframework.orm.jpa.AbstractEntityManagerFactoryBean [main] Initialized JPA EntityManagerFactory for persistence unit 'default'
2022-06-24 13:15:24,000 WARN org.springframework.boot.autoconfigure.orm.jpa.JpaBaseConfiguration$JpaWebConfiguration [main] spring.jpa.open-in-view is enabled by default. Therefore, database queries may be performed during view rendering. Explicitly configure spring.jpa.open-in-view to disable this warning
2022-06-24 13:15:24,236 INFO org.apache.juli.logging.DirectJDKLog [main] Starting ProtocolHandler ["http-nio-8081"]
2022-06-24 13:15:24,252 INFO org.springframework.boot.web.embedded.tomcat.TomcatWebServer [main] Tomcat started on port(s): 8081 (http) with context path ''
2022-06-24 13:15:24,259 INFO org.springframework.boot.StartupInfoLogger [main] Started RdAsportsApplication in 2.644 seconds (JVM running for 2.982)
2022-06-24 13:18:04,408 INFO org.apache.juli.logging.DirectJDKLog [http-nio-8081-exec-1] Initializing Spring DispatcherServlet 'dispatcherServlet'
2022-06-24 13:18:04,408 INFO org.springframework.web.servlet.FrameworkServlet [http-nio-8081-exec-1] Initializing Servlet 'dispatcherServlet'
2022-06-24 13:18:04,410 INFO org.springframework.web.servlet.FrameworkServlet [http-nio-8081-exec-1] Completed initialization in 1 ms
2022-06-24 13:18:04,521 INFO com.rdacompany.RDAsportsAPI.controller.EmployeeController [http-nio-8081-exec-1] Fin getEmployees
2022-06-24 13:18:08,290 INFO com.rdacompany.RDAsportsAPI.controller.EmployeeController [http-nio-8081-exec-2] Fin getEmployees
2022-06-24 13:18:08,477 INFO com.rdacompany.RDAsportsAPI.controller.AreaController [http-nio-8081-exec-4] Fin gerAreas
2022-06-24 13:18:08,478 INFO com.rdacompany.RDAsportsAPI.controller.EmployeeController [http-nio-8081-exec-3] Fin getEmployees
2022-06-24 13:18:08,485 INFO com.rdacompany.RDAsportsAPI.controller.ActivityController [http-nio-8081-exec-5] Fin getActivity
2022-06-24 13:18:37,486 INFO com.rdacompany.RDAsportsAPI.controller.SessionController [http-nio-8081-exec-6] Inicio addSession
2022-06-24 13:18:37,591 INFO com.rdacompany.RDAsportsAPI.controller.SessionController [http-nio-8081-exec-6] Fin addSession
2022-06-24 13:19:00,260 INFO com.rdacompany.RDAsportsAPI.controller.SessionController [http-nio-8081-exec-9] Fin consulta de todas las session
2022-06-24 13:19:04,266 INFO com.rdacompany.RDAsportsAPI.controller.SessionController [http-nio-8081-exec-8] Inicio busqueda sessionById
2022-06-24 13:19:04,270 INFO com.rdacompany.RDAsportsAPI.controller.SessionController [http-nio-8081-exec-8] Fin consultar sessionById
2022-06-24 13:19:07,582 INFO com.rdacompany.RDAsportsAPI.controller.CustomerController [http-nio-8081-exec-10] Inicio booking
2022-06-24 13:19:07,587 INFO com.rdacompany.RDAsportsAPI.controller.CustomerController [http-nio-8081-exec-10] Customer encontrado 1
2022-06-24 13:19:07,590 INFO com.rdacompany.RDAsportsAPI.controller.CustomerController [http-nio-8081-exec-10] Session encontrado 7
2022-06-24 13:19:07,590 INFO com.rdacompany.RDAsportsAPI.service.CustomerServiceImpl [http-nio-8081-exec-10] Inicio addBooking
2022-06-24 13:19:07,608 INFO com.rdacompany.RDAsportsAPI.service.CustomerServiceImpl [http-nio-8081-exec-10] Fin addBooking
2022-06-24 13:19:07,610 INFO com.rdacompany.RDAsportsAPI.controller.CustomerController [http-nio-8081-exec-10] Fin booking
2022-06-24 13:19:07,621 INFO com.rdacompany.RDAsportsAPI.controller.SessionController [http-nio-8081-exec-1] Fin consulta de todas las session
2022-06-24 13:19:08,876 INFO com.rdacompany.RDAsportsAPI.controller.SessionController [http-nio-8081-exec-5] Inicio busqueda sessionById
2022-06-24 13:19:08,879 INFO com.rdacompany.RDAsportsAPI.controller.SessionController [http-nio-8081-exec-5] Fin consultar sessionById
2022-06-24 13:19:14,066 INFO com.rdacompany.RDAsportsAPI.controller.SessionController [http-nio-8081-exec-6] Inicio dropOut
2022-06-24 13:19:14,077 INFO com.rdacompany.RDAsportsAPI.controller.SessionController [http-nio-8081-exec-6] Fin dropOut
2022-06-24 13:19:14,095 INFO com.rdacompany.RDAsportsAPI.controller.SessionController [http-nio-8081-exec-7] Fin consulta de todas las session
2022-06-24 13:19:15,359 INFO com.rdacompany.RDAsportsAPI.controller.SessionController [http-nio-8081-exec-9] Inicio busqueda sessionById
2022-06-24 13:19:15,361 INFO com.rdacompany.RDAsportsAPI.controller.SessionController [http-nio-8081-exec-9] Fin consultar sessionById
2022-06-24 13:19:16,998 INFO com.rdacompany.RDAsportsAPI.controller.CustomerController [http-nio-8081-exec-8] Inicio booking
2022-06-24 13:19:17,000 INFO com.rdacompany.RDAsportsAPI.controller.CustomerController [http-nio-8081-exec-8] Customer encontrado 1
2022-06-24 13:19:17,003 INFO com.rdacompany.RDAsportsAPI.controller.CustomerController [http-nio-8081-exec-8] Session encontrado 7
2022-06-24 13:19:17,003 INFO com.rdacompany.RDAsportsAPI.service.CustomerServiceImpl [http-nio-8081-exec-8] Inicio addBooking
2022-06-24 13:19:17,010 INFO com.rdacompany.RDAsportsAPI.service.CustomerServiceImpl [http-nio-8081-exec-8] Fin addBooking
2022-06-24 13:19:17,011 INFO com.rdacompany.RDAsportsAPI.controller.CustomerController [http-nio-8081-exec-8] Fin booking
2022-06-24 13:19:17,048 INFO com.rdacompany.RDAsportsAPI.controller.SessionController [http-nio-8081-exec-10] Fin consulta de todas las session
2022-06-24 13:19:22,093 INFO com.rdacompany.RDAsportsAPI.controller.SessionController [http-nio-8081-exec-1] Fin consulta de todas las session
2022-06-24 13:19:25,113 INFO com.rdacompany.RDAsportsAPI.controller.SessionController [http-nio-8081-exec-2] Inicio busqueda sessionById
2022-06-24 13:19:25,117 INFO com.rdacompany.RDAsportsAPI.controller.SessionController [http-nio-8081-exec-2] Fin consultar sessionById
2022-06-24 13:19:26,018 INFO com.rdacompany.RDAsportsAPI.controller.SessionController [http-nio-8081-exec-4] Inicio dropOut
2022-06-24 13:19:26,027 INFO com.rdacompany.RDAsportsAPI.controller.SessionController [http-nio-8081-exec-4] Fin dropOut
2022-06-24 13:19:26,059 INFO com.rdacompany.RDAsportsAPI.controller.SessionController [http-nio-8081-exec-3] Fin consulta de todas las session
2022-06-24 13:19:47,973 INFO com.rdacompany.RDAsportsAPI.controller.EmployeeController [http-nio-8081-exec-4] Fin getEmployees
2022-06-24 13:20:08,402 INFO com.rdacompany.RDAsportsAPI.controller.CustomerController [http-nio-8081-exec-3] Inicio removeCustomer
2022-06-24 13:20:08,419 INFO com.rdacompany.RDAsportsAPI.controller.CustomerController [http-nio-8081-exec-3] Fin removeCustomer
2022-06-24 13:20:13,486 INFO com.rdacompany.RDAsportsAPI.controller.EmployeeController [http-nio-8081-exec-9] Inicio deleteEmployee
2022-06-24 13:20:13,494 INFO com.rdacompany.RDAsportsAPI.controller.EmployeeController [http-nio-8081-exec-9] Fin deleteEmployee
2022-06-24 13:20:13,512 INFO com.rdacompany.RDAsportsAPI.controller.EmployeeController [http-nio-8081-exec-1] Fin getEmployees
2022-06-24 13:23:38,642 INFO com.rdacompany.RDAsportsAPI.controller.EmployeeController [http-nio-8081-exec-10] Inicio addEmployees
2022-06-24 13:23:38,650 INFO com.rdacompany.RDAsportsAPI.controller.EmployeeController [http-nio-8081-exec-10] Fin addEmployees
